[2019-09-06 22:54:04.380] [jointLog] [info] Fragment incompatibility prior below threshold.  Incompatible fragments will be ignored.
[2019-09-06 22:54:04.380] [jointLog] [info] Usage of --validateMappings implies use of minScoreFraction. Since not explicitly specified, it is being set to 0.65
[2019-09-06 22:54:04.380] [jointLog] [info] Usage of --validateMappings, without --hardFilter implies use of range factorization. rangeFactorizationBins is being set to 4
[2019-09-06 22:54:04.380] [jointLog] [info] Usage of --validateMappings implies a default consensus slack of 0.2. Setting consensusSlack to 0.2.
[2019-09-06 22:54:04.380] [jointLog] [info] parsing read library format
[2019-09-06 22:54:04.380] [jointLog] [info] There is 1 library.
[2019-09-06 22:54:04.469] [jointLog] [info] Loading Quasi index
[2019-09-06 22:54:04.470] [jointLog] [info] Loading 32-bit quasi index
[2019-09-06 22:54:20.898] [jointLog] [info] done
[2019-09-06 22:54:20.898] [jointLog] [info] Index contained 177,862 targets
[2019-09-06 22:54:25.260] [jointLog] [warning] Fragment GC bias correction is currently *experimental* in single-end libraries.  Please use this option with caution.
[2019-09-06 22:54:25.897] [jointLog] [info] Automatically detected most likely library type as SR
[2019-09-06 22:55:35.900] [jointLog] [info] Thread saw mini-batch with a maximum of 1.32% zero probability fragments
[2019-09-06 22:55:35.900] [jointLog] [info] Thread saw mini-batch with a maximum of 1.40% zero probability fragments
[2019-09-06 22:55:35.902] [jointLog] [info] Thread saw mini-batch with a maximum of 1.52% zero probability fragments
[2019-09-06 22:55:35.908] [jointLog] [info] Thread saw mini-batch with a maximum of 1.44% zero probability fragments
[2019-09-06 22:55:35.915] [jointLog] [info] Thread saw mini-batch with a maximum of 1.46% zero probability fragments
[2019-09-06 22:55:35.917] [jointLog] [info] Thread saw mini-batch with a maximum of 1.36% zero probability fragments
[2019-09-06 22:55:35.919] [jointLog] [info] Thread saw mini-batch with a maximum of 1.32% zero probability fragments
[2019-09-06 22:55:35.930] [jointLog] [info] Thread saw mini-batch with a maximum of 1.48% zero probability fragments
[2019-09-06 22:55:35.934] [jointLog] [info] Thread saw mini-batch with a maximum of 1.48% zero probability fragments
[2019-09-06 22:55:35.940] [jointLog] [info] Thread saw mini-batch with a maximum of 1.48% zero probability fragments
[2019-09-06 22:55:35.940] [jointLog] [info] Thread saw mini-batch with a maximum of 1.42% zero probability fragments
[2019-09-06 22:55:35.947] [jointLog] [info] Thread saw mini-batch with a maximum of 1.42% zero probability fragments
[2019-09-06 22:55:35.957] [jointLog] [info] Thread saw mini-batch with a maximum of 1.46% zero probability fragments
[2019-09-06 22:55:35.965] [jointLog] [info] Thread saw mini-batch with a maximum of 1.42% zero probability fragments
[2019-09-06 22:55:35.966] [jointLog] [info] Thread saw mini-batch with a maximum of 1.36% zero probability fragments
[2019-09-06 22:55:35.967] [jointLog] [info] Thread saw mini-batch with a maximum of 1.40% zero probability fragments
[2019-09-06 22:55:35.970] [jointLog] [info] Thread saw mini-batch with a maximum of 1.40% zero probability fragments
[2019-09-06 22:55:35.975] [jointLog] [info] Thread saw mini-batch with a maximum of 1.46% zero probability fragments
[2019-09-06 22:55:35.977] [jointLog] [info] Thread saw mini-batch with a maximum of 1.48% zero probability fragments
[2019-09-06 22:55:35.977] [jointLog] [info] Thread saw mini-batch with a maximum of 1.40% zero probability fragments
[2019-09-06 22:55:35.978] [jointLog] [info] Thread saw mini-batch with a maximum of 1.44% zero probability fragments
[2019-09-06 22:55:35.991] [jointLog] [info] Thread saw mini-batch with a maximum of 1.34% zero probability fragments
[2019-09-06 22:55:35.993] [jointLog] [info] Thread saw mini-batch with a maximum of 1.32% zero probability fragments
[2019-09-06 22:55:35.997] [jointLog] [info] Thread saw mini-batch with a maximum of 1.38% zero probability fragments
[2019-09-06 22:55:36.411] [jointLog] [info] Computed 442,499 rich equivalence classes for further processing
[2019-09-06 22:55:36.411] [jointLog] [info] Counted 50,019,648 total reads in the equivalence classes 
[2019-09-06 22:55:36.470] [jointLog] [info] Number of mappings discarded because of alignment score : 11,733,020
[2019-09-06 22:55:36.470] [jointLog] [info] Number of fragments entirely discarded because of alignment score : 9,773,763
[2019-09-06 22:55:36.470] [jointLog] [info] Number of fragments discarded because they are best-mapped to decoys : 1,037,905
[2019-09-06 22:55:36.470] [jointLog] [info] Number of fragments discarded because they have only dovetail (discordant) mappings : 0
[2019-09-06 22:55:36.470] [jointLog] [info] Mapping rate = 82.8944%

[2019-09-06 22:55:36.470] [jointLog] [info] finished quantifyLibrary()
[2019-09-06 22:55:36.471] [jointLog] [info] Starting optimizer
[2019-09-06 22:55:36.412] [fileLog] [info] 
At end of round 0
==================
Observed 60341428 total fragments (60341428 in most recent round)

[2019-09-06 22:55:36.603] [jointLog] [info] Marked 0 weighted equivalence classes as degenerate
[2019-09-06 22:55:36.615] [jointLog] [info] iteration = 0 | max rel diff. = 37.7326
[2019-09-06 22:55:36.733] [jointLog] [info] iteration 11, adjusting effective lengths to account for biases
[2019-09-06 22:56:03.434] [jointLog] [info] Computed expected counts (for bias correction)
[2019-09-06 22:56:03.434] [jointLog] [info] processed bias for 0.0% of the transcripts
[2019-09-06 22:56:07.239] [jointLog] [info] processed bias for 10.0% of the transcripts
[2019-09-06 22:56:11.114] [jointLog] [info] processed bias for 20.0% of the transcripts
[2019-09-06 22:56:14.716] [jointLog] [info] processed bias for 30.0% of the transcripts
[2019-09-06 22:56:18.444] [jointLog] [info] processed bias for 40.0% of the transcripts
[2019-09-06 22:56:21.790] [jointLog] [info] processed bias for 50.0% of the transcripts
[2019-09-06 22:56:25.433] [jointLog] [info] processed bias for 60.0% of the transcripts
[2019-09-06 22:56:25.911] [jointLog] [info] processed bias for 100.0% of the transcripts
[2019-09-06 22:56:26.852] [jointLog] [info] iteration = 100 | max rel diff. = 13.9877
[2019-09-06 22:56:27.883] [jointLog] [info] iteration = 200 | max rel diff. = 11.7465
[2019-09-06 22:56:28.920] [jointLog] [info] iteration = 300 | max rel diff. = 7.91443
[2019-09-06 22:56:29.963] [jointLog] [info] iteration = 400 | max rel diff. = 3.16315
[2019-09-06 22:56:31.027] [jointLog] [info] iteration = 500 | max rel diff. = 5.7114
[2019-09-06 22:56:32.077] [jointLog] [info] iteration = 600 | max rel diff. = 15.1437
[2019-09-06 22:56:33.115] [jointLog] [info] iteration = 700 | max rel diff. = 1.00751
[2019-09-06 22:56:34.159] [jointLog] [info] iteration = 800 | max rel diff. = 7.1966
[2019-09-06 22:56:35.194] [jointLog] [info] iteration = 900 | max rel diff. = 9.09849
[2019-09-06 22:56:36.254] [jointLog] [info] iteration = 1,000 | max rel diff. = 5.05682
[2019-09-06 22:56:37.310] [jointLog] [info] iteration = 1,100 | max rel diff. = 0.236327
[2019-09-06 22:56:38.345] [jointLog] [info] iteration = 1,200 | max rel diff. = 2.04341
[2019-09-06 22:56:39.413] [jointLog] [info] iteration = 1,300 | max rel diff. = 0.18452
[2019-09-06 22:56:40.451] [jointLog] [info] iteration = 1,400 | max rel diff. = 0.36046
[2019-09-06 22:56:41.487] [jointLog] [info] iteration = 1,500 | max rel diff. = 0.1076
[2019-09-06 22:56:42.522] [jointLog] [info] iteration = 1,600 | max rel diff. = 0.230219
[2019-09-06 22:56:43.579] [jointLog] [info] iteration = 1,700 | max rel diff. = 0.051616
[2019-09-06 22:56:44.636] [jointLog] [info] iteration = 1,800 | max rel diff. = 0.0548612
[2019-09-06 22:56:45.685] [jointLog] [info] iteration = 1,900 | max rel diff. = 0.053083
[2019-09-06 22:56:46.704] [jointLog] [info] iteration = 2,000 | max rel diff. = 0.207917
[2019-09-06 22:56:47.730] [jointLog] [info] iteration = 2,100 | max rel diff. = 0.018561
[2019-09-06 22:56:48.764] [jointLog] [info] iteration = 2,200 | max rel diff. = 0.553594
[2019-09-06 22:56:49.798] [jointLog] [info] iteration = 2,300 | max rel diff. = 0.0436427
[2019-09-06 22:56:50.832] [jointLog] [info] iteration = 2,400 | max rel diff. = 0.0307902
[2019-09-06 22:56:51.897] [jointLog] [info] iteration = 2,500 | max rel diff. = 0.11857
[2019-09-06 22:56:52.938] [jointLog] [info] iteration = 2,600 | max rel diff. = 1.97611
[2019-09-06 22:56:53.972] [jointLog] [info] iteration = 2,700 | max rel diff. = 0.689288
[2019-09-06 22:56:54.096] [jointLog] [info] iteration = 2,711 | max rel diff. = 0.00706348
[2019-09-06 22:56:54.116] [jointLog] [info] Finished optimizer
[2019-09-06 22:56:54.116] [jointLog] [info] writing output 

