[2019-09-06 22:55:03.965] [jointLog] [info] Fragment incompatibility prior below threshold.  Incompatible fragments will be ignored.
[2019-09-06 22:55:03.965] [jointLog] [info] Usage of --validateMappings implies use of minScoreFraction. Since not explicitly specified, it is being set to 0.65
[2019-09-06 22:55:03.965] [jointLog] [info] Usage of --validateMappings, without --hardFilter implies use of range factorization. rangeFactorizationBins is being set to 4
[2019-09-06 22:55:03.965] [jointLog] [info] Usage of --validateMappings implies a default consensus slack of 0.2. Setting consensusSlack to 0.2.
[2019-09-06 22:55:03.965] [jointLog] [info] parsing read library format
[2019-09-06 22:55:03.965] [jointLog] [info] There is 1 library.
[2019-09-06 22:55:04.080] [jointLog] [info] Loading Quasi index
[2019-09-06 22:55:04.081] [jointLog] [info] Loading 32-bit quasi index
[2019-09-06 22:55:30.606] [jointLog] [info] done
[2019-09-06 22:55:30.606] [jointLog] [info] Index contained 177,862 targets
[2019-09-06 22:55:35.255] [jointLog] [warning] Fragment GC bias correction is currently *experimental* in single-end libraries.  Please use this option with caution.
[2019-09-06 22:55:36.047] [jointLog] [info] Automatically detected most likely library type as SR
[2019-09-06 22:56:49.137] [jointLog] [info] Thread saw mini-batch with a maximum of 1.30% zero probability fragments
[2019-09-06 22:56:49.137] [jointLog] [info] Thread saw mini-batch with a maximum of 1.30% zero probability fragments
[2019-09-06 22:56:49.137] [jointLog] [info] Thread saw mini-batch with a maximum of 1.38% zero probability fragments
[2019-09-06 22:56:49.138] [jointLog] [info] Thread saw mini-batch with a maximum of 1.36% zero probability fragments
[2019-09-06 22:56:49.140] [jointLog] [info] Thread saw mini-batch with a maximum of 1.32% zero probability fragments
[2019-09-06 22:56:49.144] [jointLog] [info] Thread saw mini-batch with a maximum of 1.34% zero probability fragments
[2019-09-06 22:56:49.160] [jointLog] [info] Thread saw mini-batch with a maximum of 1.34% zero probability fragments
[2019-09-06 22:56:49.162] [jointLog] [info] Thread saw mini-batch with a maximum of 1.46% zero probability fragments
[2019-09-06 22:56:49.177] [jointLog] [info] Thread saw mini-batch with a maximum of 1.40% zero probability fragments
[2019-09-06 22:56:49.180] [jointLog] [info] Thread saw mini-batch with a maximum of 1.32% zero probability fragments
[2019-09-06 22:56:49.192] [jointLog] [info] Thread saw mini-batch with a maximum of 1.40% zero probability fragments
[2019-09-06 22:56:49.202] [jointLog] [info] Thread saw mini-batch with a maximum of 1.34% zero probability fragments
[2019-09-06 22:56:49.203] [jointLog] [info] Thread saw mini-batch with a maximum of 1.36% zero probability fragments
[2019-09-06 22:56:49.203] [jointLog] [info] Thread saw mini-batch with a maximum of 1.46% zero probability fragments
[2019-09-06 22:56:49.204] [jointLog] [info] Thread saw mini-batch with a maximum of 1.28% zero probability fragments
[2019-09-06 22:56:49.206] [jointLog] [info] Thread saw mini-batch with a maximum of 1.48% zero probability fragments
[2019-09-06 22:56:49.210] [jointLog] [info] Thread saw mini-batch with a maximum of 1.38% zero probability fragments
[2019-09-06 22:56:49.214] [jointLog] [info] Thread saw mini-batch with a maximum of 1.32% zero probability fragments
[2019-09-06 22:56:49.217] [jointLog] [info] Thread saw mini-batch with a maximum of 1.40% zero probability fragments
[2019-09-06 22:56:49.222] [jointLog] [info] Thread saw mini-batch with a maximum of 1.30% zero probability fragments
[2019-09-06 22:56:49.231] [jointLog] [info] Thread saw mini-batch with a maximum of 1.30% zero probability fragments
[2019-09-06 22:56:49.232] [jointLog] [info] Thread saw mini-batch with a maximum of 1.44% zero probability fragments
[2019-09-06 22:56:49.233] [jointLog] [info] Thread saw mini-batch with a maximum of 1.36% zero probability fragments
[2019-09-06 22:56:49.241] [jointLog] [info] Thread saw mini-batch with a maximum of 1.36% zero probability fragments
[2019-09-06 22:56:49.642] [fileLog] [info] 
At end of round 0
==================
Observed 54002466 total fragments (54002466 in most recent round)

[2019-09-06 22:56:49.641] [jointLog] [info] Computed 423,331 rich equivalence classes for further processing
[2019-09-06 22:56:49.641] [jointLog] [info] Counted 44,901,377 total reads in the equivalence classes 
[2019-09-06 22:56:49.691] [jointLog] [info] Number of mappings discarded because of alignment score : 10,412,922
[2019-09-06 22:56:49.691] [jointLog] [info] Number of fragments entirely discarded because of alignment score : 8,627,920
[2019-09-06 22:56:49.691] [jointLog] [info] Number of fragments discarded because they are best-mapped to decoys : 910,159
[2019-09-06 22:56:49.691] [jointLog] [info] Number of fragments discarded because they have only dovetail (discordant) mappings : 0
[2019-09-06 22:56:49.691] [jointLog] [info] Mapping rate = 83.1469%

[2019-09-06 22:56:49.691] [jointLog] [info] finished quantifyLibrary()
[2019-09-06 22:56:49.693] [jointLog] [info] Starting optimizer
[2019-09-06 22:56:49.836] [jointLog] [info] Marked 0 weighted equivalence classes as degenerate
[2019-09-06 22:56:49.848] [jointLog] [info] iteration = 0 | max rel diff. = 2531.89
[2019-09-06 22:56:49.962] [jointLog] [info] iteration 11, adjusting effective lengths to account for biases
[2019-09-06 22:57:39.866] [jointLog] [info] Computed expected counts (for bias correction)
[2019-09-06 22:57:39.867] [jointLog] [info] processed bias for 0.0% of the transcripts
[2019-09-06 22:57:45.290] [jointLog] [info] processed bias for 10.0% of the transcripts
[2019-09-06 22:57:50.627] [jointLog] [info] processed bias for 20.0% of the transcripts
[2019-09-06 22:57:55.933] [jointLog] [info] processed bias for 30.0% of the transcripts
[2019-09-06 22:58:00.772] [jointLog] [info] processed bias for 40.0% of the transcripts
[2019-09-06 22:58:05.835] [jointLog] [info] processed bias for 50.0% of the transcripts
[2019-09-06 22:58:10.749] [jointLog] [info] processed bias for 60.0% of the transcripts
[2019-09-06 22:58:16.155] [jointLog] [info] processed bias for 70.0% of the transcripts
[2019-09-06 22:58:18.409] [jointLog] [info] processed bias for 100.0% of the transcripts
[2019-09-06 22:58:19.455] [jointLog] [info] iteration = 100 | max rel diff. = 14.7479
[2019-09-06 22:58:20.610] [jointLog] [info] iteration = 200 | max rel diff. = 9.04917
[2019-09-06 22:58:21.761] [jointLog] [info] iteration = 300 | max rel diff. = 11.261
[2019-09-06 22:58:22.938] [jointLog] [info] iteration = 400 | max rel diff. = 2.71657
[2019-09-06 22:58:24.093] [jointLog] [info] iteration = 500 | max rel diff. = 2.54773
[2019-09-06 22:58:25.267] [jointLog] [info] iteration = 600 | max rel diff. = 5.40274
[2019-09-06 22:58:26.423] [jointLog] [info] iteration = 700 | max rel diff. = 6.22012
[2019-09-06 22:58:27.572] [jointLog] [info] iteration = 800 | max rel diff. = 3.70515
[2019-09-06 22:58:28.725] [jointLog] [info] iteration = 900 | max rel diff. = 8.6453
[2019-09-06 22:58:29.866] [jointLog] [info] iteration = 1,000 | max rel diff. = 0.101818
[2019-09-06 22:58:30.998] [jointLog] [info] iteration = 1,100 | max rel diff. = 0.131326
[2019-09-06 22:58:32.143] [jointLog] [info] iteration = 1,200 | max rel diff. = 0.0961139
[2019-09-06 22:58:33.312] [jointLog] [info] iteration = 1,300 | max rel diff. = 0.570699
[2019-09-06 22:58:34.442] [jointLog] [info] iteration = 1,400 | max rel diff. = 0.330212
[2019-09-06 22:58:35.579] [jointLog] [info] iteration = 1,500 | max rel diff. = 0.0934647
[2019-09-06 22:58:36.711] [jointLog] [info] iteration = 1,600 | max rel diff. = 0.136323
[2019-09-06 22:58:37.846] [jointLog] [info] iteration = 1,700 | max rel diff. = 0.145669
[2019-09-06 22:58:38.989] [jointLog] [info] iteration = 1,800 | max rel diff. = 0.17276
[2019-09-06 22:58:40.115] [jointLog] [info] iteration = 1,900 | max rel diff. = 0.0446199
[2019-09-06 22:58:41.240] [jointLog] [info] iteration = 2,000 | max rel diff. = 0.592403
[2019-09-06 22:58:42.364] [jointLog] [info] iteration = 2,100 | max rel diff. = 0.370386
[2019-09-06 22:58:43.507] [jointLog] [info] iteration = 2,200 | max rel diff. = 0.0831087
[2019-09-06 22:58:44.658] [jointLog] [info] iteration = 2,300 | max rel diff. = 0.0697276
[2019-09-06 22:58:45.813] [jointLog] [info] iteration = 2,400 | max rel diff. = 0.325964
[2019-09-06 22:58:46.934] [jointLog] [info] iteration = 2,500 | max rel diff. = 0.068482
[2019-09-06 22:58:48.067] [jointLog] [info] iteration = 2,600 | max rel diff. = 0.0330487
[2019-09-06 22:58:49.189] [jointLog] [info] iteration = 2,700 | max rel diff. = 0.41689
[2019-09-06 22:58:50.313] [jointLog] [info] iteration = 2,800 | max rel diff. = 0.0130587
[2019-09-06 22:58:51.435] [jointLog] [info] iteration = 2,900 | max rel diff. = 0.0567986
[2019-09-06 22:58:52.558] [jointLog] [info] iteration = 3,000 | max rel diff. = 0.0464834
[2019-09-06 22:58:53.680] [jointLog] [info] iteration = 3,100 | max rel diff. = 0.0454154
[2019-09-06 22:58:54.646] [jointLog] [info] iteration = 3,187 | max rel diff. = 0.00690198
[2019-09-06 22:58:54.676] [jointLog] [info] Finished optimizer
[2019-09-06 22:58:54.676] [jointLog] [info] writing output 

