[2019-09-06 22:40:54.621] [jointLog] [info] Fragment incompatibility prior below threshold.  Incompatible fragments will be ignored.
[2019-09-06 22:40:54.621] [jointLog] [info] Usage of --validateMappings implies use of minScoreFraction. Since not explicitly specified, it is being set to 0.65
[2019-09-06 22:40:54.621] [jointLog] [info] Usage of --validateMappings, without --hardFilter implies use of range factorization. rangeFactorizationBins is being set to 4
[2019-09-06 22:40:54.621] [jointLog] [info] Usage of --validateMappings implies a default consensus slack of 0.2. Setting consensusSlack to 0.2.
[2019-09-06 22:40:54.621] [jointLog] [info] parsing read library format
[2019-09-06 22:40:54.621] [jointLog] [info] There is 1 library.
[2019-09-06 22:40:54.714] [jointLog] [info] Loading Quasi index
[2019-09-06 22:40:54.727] [jointLog] [info] Loading 32-bit quasi index
[2019-09-06 22:41:22.726] [jointLog] [info] done
[2019-09-06 22:41:22.726] [jointLog] [info] Index contained 177,862 targets
[2019-09-06 22:41:27.218] [jointLog] [warning] Fragment GC bias correction is currently *experimental* in single-end libraries.  Please use this option with caution.
[2019-09-06 22:41:27.847] [jointLog] [info] Automatically detected most likely library type as SR
[2019-09-06 22:41:57.166] [jointLog] [info] Thread saw mini-batch with a maximum of 1.38% zero probability fragments
[2019-09-06 22:41:57.203] [jointLog] [info] Thread saw mini-batch with a maximum of 1.72% zero probability fragments
[2019-09-06 22:41:57.204] [jointLog] [info] Thread saw mini-batch with a maximum of 1.40% zero probability fragments
[2019-09-06 22:41:57.208] [jointLog] [info] Thread saw mini-batch with a maximum of 1.34% zero probability fragments
[2019-09-06 22:41:57.247] [jointLog] [info] Thread saw mini-batch with a maximum of 1.40% zero probability fragments
[2019-09-06 22:41:57.248] [jointLog] [info] Thread saw mini-batch with a maximum of 1.30% zero probability fragments
[2019-09-06 22:41:57.249] [jointLog] [info] Thread saw mini-batch with a maximum of 1.30% zero probability fragments
[2019-09-06 22:41:57.257] [jointLog] [info] Thread saw mini-batch with a maximum of 1.36% zero probability fragments
[2019-09-06 22:41:57.266] [jointLog] [info] Thread saw mini-batch with a maximum of 1.26% zero probability fragments
[2019-09-06 22:41:57.274] [jointLog] [info] Thread saw mini-batch with a maximum of 1.28% zero probability fragments
[2019-09-06 22:41:57.276] [jointLog] [info] Thread saw mini-batch with a maximum of 1.24% zero probability fragments
[2019-09-06 22:41:57.278] [jointLog] [info] Thread saw mini-batch with a maximum of 1.44% zero probability fragments
[2019-09-06 22:41:57.283] [jointLog] [info] Thread saw mini-batch with a maximum of 1.36% zero probability fragments
[2019-09-06 22:41:57.286] [jointLog] [info] Thread saw mini-batch with a maximum of 1.28% zero probability fragments
[2019-09-06 22:41:57.287] [jointLog] [info] Thread saw mini-batch with a maximum of 1.28% zero probability fragments
[2019-09-06 22:41:57.292] [jointLog] [info] Thread saw mini-batch with a maximum of 1.32% zero probability fragments
[2019-09-06 22:41:57.293] [jointLog] [info] Thread saw mini-batch with a maximum of 1.52% zero probability fragments
[2019-09-06 22:41:57.293] [jointLog] [info] Thread saw mini-batch with a maximum of 1.36% zero probability fragments
[2019-09-06 22:41:57.301] [jointLog] [info] Thread saw mini-batch with a maximum of 1.32% zero probability fragments
[2019-09-06 22:41:57.302] [jointLog] [info] Thread saw mini-batch with a maximum of 1.36% zero probability fragments
[2019-09-06 22:41:57.303] [jointLog] [info] Thread saw mini-batch with a maximum of 1.34% zero probability fragments
[2019-09-06 22:41:57.305] [jointLog] [info] Thread saw mini-batch with a maximum of 1.32% zero probability fragments
[2019-09-06 22:41:57.306] [jointLog] [info] Thread saw mini-batch with a maximum of 1.46% zero probability fragments
[2019-09-06 22:41:57.315] [jointLog] [info] Thread saw mini-batch with a maximum of 1.26% zero probability fragments
[2019-09-06 22:41:57.748] [jointLog] [info] Computed 322,835 rich equivalence classes for further processing
[2019-09-06 22:41:57.748] [jointLog] [info] Counted 14,971,811 total reads in the equivalence classes 
[2019-09-06 22:41:57.805] [jointLog] [info] Number of mappings discarded because of alignment score : 3,242,377
[2019-09-06 22:41:57.805] [jointLog] [info] Number of fragments entirely discarded because of alignment score : 2,284,285
[2019-09-06 22:41:57.805] [jointLog] [info] Number of fragments discarded because they are best-mapped to decoys : 208,569
[2019-09-06 22:41:57.805] [jointLog] [info] Number of fragments discarded because they have only dovetail (discordant) mappings : 0
[2019-09-06 22:41:57.805] [jointLog] [info] Mapping rate = 85.9662%

[2019-09-06 22:41:57.805] [jointLog] [info] finished quantifyLibrary()
[2019-09-06 22:41:57.807] [jointLog] [info] Starting optimizer
[2019-09-06 22:41:57.749] [fileLog] [info] 
At end of round 0
==================
Observed 17415929 total fragments (17415929 in most recent round)

[2019-09-06 22:41:57.965] [jointLog] [info] Marked 0 weighted equivalence classes as degenerate
[2019-09-06 22:41:57.976] [jointLog] [info] iteration = 0 | max rel diff. = 5827.34
[2019-09-06 22:41:58.079] [jointLog] [info] iteration 11, adjusting effective lengths to account for biases
[2019-09-06 22:42:46.859] [jointLog] [info] Computed expected counts (for bias correction)
[2019-09-06 22:42:46.859] [jointLog] [info] processed bias for 0.0% of the transcripts
[2019-09-06 22:42:53.059] [jointLog] [info] processed bias for 10.0% of the transcripts
[2019-09-06 22:42:59.804] [jointLog] [info] processed bias for 20.0% of the transcripts
[2019-09-06 22:43:07.695] [jointLog] [info] processed bias for 30.0% of the transcripts
[2019-09-06 22:43:15.518] [jointLog] [info] processed bias for 40.0% of the transcripts
[2019-09-06 22:43:22.738] [jointLog] [info] processed bias for 50.0% of the transcripts
[2019-09-06 22:43:30.357] [jointLog] [info] processed bias for 60.0% of the transcripts
[2019-09-06 22:43:34.860] [jointLog] [info] processed bias for 100.0% of the transcripts
[2019-09-06 22:43:36.083] [jointLog] [info] iteration = 100 | max rel diff. = 15.7492
[2019-09-06 22:43:37.516] [jointLog] [info] iteration = 200 | max rel diff. = 14.8754
[2019-09-06 22:43:38.641] [jointLog] [info] iteration = 300 | max rel diff. = 4.51468
[2019-09-06 22:43:39.957] [jointLog] [info] iteration = 400 | max rel diff. = 1.71769
[2019-09-06 22:43:41.288] [jointLog] [info] iteration = 500 | max rel diff. = 0.935937
[2019-09-06 22:43:42.560] [jointLog] [info] iteration = 600 | max rel diff. = 1.43729
[2019-09-06 22:43:43.770] [jointLog] [info] iteration = 700 | max rel diff. = 3.77594
[2019-09-06 22:43:44.946] [jointLog] [info] iteration = 800 | max rel diff. = 0.698523
[2019-09-06 22:43:46.095] [jointLog] [info] iteration = 900 | max rel diff. = 0.0801457
[2019-09-06 22:43:47.402] [jointLog] [info] iteration = 1,000 | max rel diff. = 0.109196
[2019-09-06 22:43:48.756] [jointLog] [info] iteration = 1,100 | max rel diff. = 1.51922
[2019-09-06 22:43:50.241] [jointLog] [info] iteration = 1,200 | max rel diff. = 0.0431461
[2019-09-06 22:43:51.494] [jointLog] [info] iteration = 1,300 | max rel diff. = 0.697359
[2019-09-06 22:43:52.678] [jointLog] [info] iteration = 1,400 | max rel diff. = 0.161527
[2019-09-06 22:43:53.982] [jointLog] [info] iteration = 1,500 | max rel diff. = 0.175523
[2019-09-06 22:43:55.320] [jointLog] [info] iteration = 1,600 | max rel diff. = 0.130708
[2019-09-06 22:43:55.641] [jointLog] [info] iteration = 1,627 | max rel diff. = 0.00610125
[2019-09-06 22:43:55.659] [jointLog] [info] Finished optimizer
[2019-09-06 22:43:55.659] [jointLog] [info] writing output 

