[2019-09-06 22:53:00.389] [jointLog] [info] Fragment incompatibility prior below threshold.  Incompatible fragments will be ignored.
[2019-09-06 22:53:00.389] [jointLog] [info] Usage of --validateMappings implies use of minScoreFraction. Since not explicitly specified, it is being set to 0.65
[2019-09-06 22:53:00.389] [jointLog] [info] Usage of --validateMappings, without --hardFilter implies use of range factorization. rangeFactorizationBins is being set to 4
[2019-09-06 22:53:00.389] [jointLog] [info] Usage of --validateMappings implies a default consensus slack of 0.2. Setting consensusSlack to 0.2.
[2019-09-06 22:53:00.389] [jointLog] [info] parsing read library format
[2019-09-06 22:53:00.389] [jointLog] [info] There is 1 library.
[2019-09-06 22:53:00.484] [jointLog] [info] Loading Quasi index
[2019-09-06 22:53:00.484] [jointLog] [info] Loading 32-bit quasi index
[2019-09-06 22:53:15.997] [jointLog] [info] done
[2019-09-06 22:53:15.997] [jointLog] [info] Index contained 177,862 targets
[2019-09-06 22:53:19.976] [jointLog] [warning] Fragment GC bias correction is currently *experimental* in single-end libraries.  Please use this option with caution.
[2019-09-06 22:53:20.503] [jointLog] [info] Automatically detected most likely library type as SR
[2019-09-06 22:53:55.548] [jointLog] [info] Thread saw mini-batch with a maximum of 1.20% zero probability fragments
[2019-09-06 22:53:55.548] [jointLog] [info] Thread saw mini-batch with a maximum of 1.32% zero probability fragments
[2019-09-06 22:53:55.548] [jointLog] [info] Thread saw mini-batch with a maximum of 1.26% zero probability fragments
[2019-09-06 22:53:55.548] [jointLog] [info] Thread saw mini-batch with a maximum of 1.22% zero probability fragments
[2019-09-06 22:53:55.562] [jointLog] [info] Thread saw mini-batch with a maximum of 1.24% zero probability fragments
[2019-09-06 22:53:55.565] [jointLog] [info] Thread saw mini-batch with a maximum of 1.20% zero probability fragments
[2019-09-06 22:53:55.568] [jointLog] [info] Thread saw mini-batch with a maximum of 1.28% zero probability fragments
[2019-09-06 22:53:55.573] [jointLog] [info] Thread saw mini-batch with a maximum of 1.22% zero probability fragments
[2019-09-06 22:53:55.573] [jointLog] [info] Thread saw mini-batch with a maximum of 1.42% zero probability fragments
[2019-09-06 22:53:55.574] [jointLog] [info] Thread saw mini-batch with a maximum of 1.26% zero probability fragments
[2019-09-06 22:53:55.574] [jointLog] [info] Thread saw mini-batch with a maximum of 1.22% zero probability fragments
[2019-09-06 22:53:55.578] [jointLog] [info] Thread saw mini-batch with a maximum of 1.30% zero probability fragments
[2019-09-06 22:53:55.581] [jointLog] [info] Thread saw mini-batch with a maximum of 1.24% zero probability fragments
[2019-09-06 22:53:55.592] [jointLog] [info] Thread saw mini-batch with a maximum of 1.30% zero probability fragments
[2019-09-06 22:53:55.596] [jointLog] [info] Thread saw mini-batch with a maximum of 1.40% zero probability fragments
[2019-09-06 22:53:55.597] [jointLog] [info] Thread saw mini-batch with a maximum of 1.38% zero probability fragments
[2019-09-06 22:53:55.607] [jointLog] [info] Thread saw mini-batch with a maximum of 1.30% zero probability fragments
[2019-09-06 22:53:55.607] [jointLog] [info] Thread saw mini-batch with a maximum of 1.54% zero probability fragments
[2019-09-06 22:53:55.608] [jointLog] [info] Thread saw mini-batch with a maximum of 1.32% zero probability fragments
[2019-09-06 22:53:55.611] [jointLog] [info] Thread saw mini-batch with a maximum of 1.20% zero probability fragments
[2019-09-06 22:53:55.613] [jointLog] [info] Thread saw mini-batch with a maximum of 1.18% zero probability fragments
[2019-09-06 22:53:55.619] [jointLog] [info] Thread saw mini-batch with a maximum of 1.34% zero probability fragments
[2019-09-06 22:53:55.619] [jointLog] [info] Thread saw mini-batch with a maximum of 1.38% zero probability fragments
[2019-09-06 22:53:55.625] [jointLog] [info] Thread saw mini-batch with a maximum of 1.20% zero probability fragments
[2019-09-06 22:53:55.974] [fileLog] [info] 
At end of round 0
==================
Observed 33805920 total fragments (33805920 in most recent round)

[2019-09-06 22:53:55.973] [jointLog] [info] Computed 340,604 rich equivalence classes for further processing
[2019-09-06 22:53:55.973] [jointLog] [info] Counted 18,708,289 total reads in the equivalence classes 
[2019-09-06 22:53:56.007] [jointLog] [info] Number of mappings discarded because of alignment score : 4,822,356
[2019-09-06 22:53:56.007] [jointLog] [info] Number of fragments entirely discarded because of alignment score : 14,826,089
[2019-09-06 22:53:56.007] [jointLog] [info] Number of fragments discarded because they are best-mapped to decoys : 555,995
[2019-09-06 22:53:56.007] [jointLog] [info] Number of fragments discarded because they have only dovetail (discordant) mappings : 0
[2019-09-06 22:53:56.007] [jointLog] [info] Mapping rate = 55.3403%

[2019-09-06 22:53:56.007] [jointLog] [info] finished quantifyLibrary()
[2019-09-06 22:53:56.008] [jointLog] [info] Starting optimizer
[2019-09-06 22:53:56.157] [jointLog] [info] Marked 0 weighted equivalence classes as degenerate
[2019-09-06 22:53:56.169] [jointLog] [info] iteration = 0 | max rel diff. = 6561.61
[2019-09-06 22:53:56.278] [jointLog] [info] iteration 11, adjusting effective lengths to account for biases
[2019-09-06 22:54:24.262] [jointLog] [info] Computed expected counts (for bias correction)
[2019-09-06 22:54:24.262] [jointLog] [info] processed bias for 0.0% of the transcripts
[2019-09-06 22:54:27.609] [jointLog] [info] processed bias for 10.0% of the transcripts
[2019-09-06 22:54:30.908] [jointLog] [info] processed bias for 20.0% of the transcripts
[2019-09-06 22:54:34.214] [jointLog] [info] processed bias for 30.0% of the transcripts
[2019-09-06 22:54:37.578] [jointLog] [info] processed bias for 40.0% of the transcripts
[2019-09-06 22:54:40.738] [jointLog] [info] processed bias for 50.0% of the transcripts
[2019-09-06 22:54:43.595] [jointLog] [info] processed bias for 60.0% of the transcripts
[2019-09-06 22:54:46.794] [jointLog] [info] processed bias for 70.0% of the transcripts
[2019-09-06 22:54:46.920] [jointLog] [info] processed bias for 100.0% of the transcripts
[2019-09-06 22:54:47.713] [jointLog] [info] iteration = 100 | max rel diff. = 18.6027
[2019-09-06 22:54:48.572] [jointLog] [info] iteration = 200 | max rel diff. = 9.04088
[2019-09-06 22:54:49.429] [jointLog] [info] iteration = 300 | max rel diff. = 15.1792
[2019-09-06 22:54:50.289] [jointLog] [info] iteration = 400 | max rel diff. = 15.4827
[2019-09-06 22:54:51.146] [jointLog] [info] iteration = 500 | max rel diff. = 2.30173
[2019-09-06 22:54:52.005] [jointLog] [info] iteration = 600 | max rel diff. = 3.42046
[2019-09-06 22:54:52.862] [jointLog] [info] iteration = 700 | max rel diff. = 2.13316
[2019-09-06 22:54:53.717] [jointLog] [info] iteration = 800 | max rel diff. = 9.58476
[2019-09-06 22:54:54.574] [jointLog] [info] iteration = 900 | max rel diff. = 0.660476
[2019-09-06 22:54:55.431] [jointLog] [info] iteration = 1,000 | max rel diff. = 2.4774
[2019-09-06 22:54:56.303] [jointLog] [info] iteration = 1,100 | max rel diff. = 0.0975645
[2019-09-06 22:54:57.162] [jointLog] [info] iteration = 1,200 | max rel diff. = 7.10558
[2019-09-06 22:54:58.019] [jointLog] [info] iteration = 1,300 | max rel diff. = 0.0459846
[2019-09-06 22:54:58.881] [jointLog] [info] iteration = 1,400 | max rel diff. = 0.168352
[2019-09-06 22:54:59.740] [jointLog] [info] iteration = 1,500 | max rel diff. = 0.417169
[2019-09-06 22:55:00.609] [jointLog] [info] iteration = 1,600 | max rel diff. = 0.0637878
[2019-09-06 22:55:01.468] [jointLog] [info] iteration = 1,700 | max rel diff. = 0.0713318
[2019-09-06 22:55:02.323] [jointLog] [info] iteration = 1,800 | max rel diff. = 0.0723043
[2019-09-06 22:55:03.187] [jointLog] [info] iteration = 1,900 | max rel diff. = 0.034485
[2019-09-06 22:55:04.042] [jointLog] [info] iteration = 2,000 | max rel diff. = 0.0148853
[2019-09-06 22:55:04.894] [jointLog] [info] iteration = 2,100 | max rel diff. = 0.081194
[2019-09-06 22:55:05.748] [jointLog] [info] iteration = 2,200 | max rel diff. = 0.0515207
[2019-09-06 22:55:06.602] [jointLog] [info] iteration = 2,300 | max rel diff. = 0.070377
[2019-09-06 22:55:07.470] [jointLog] [info] iteration = 2,400 | max rel diff. = 0.141292
[2019-09-06 22:55:07.973] [jointLog] [info] iteration = 2,460 | max rel diff. = 0.00580729
[2019-09-06 22:55:07.989] [jointLog] [info] Finished optimizer
[2019-09-06 22:55:07.989] [jointLog] [info] writing output 

