[2019-09-06 22:56:21.790] [jointLog] [info] Fragment incompatibility prior below threshold.  Incompatible fragments will be ignored.
[2019-09-06 22:56:21.790] [jointLog] [info] Usage of --validateMappings implies use of minScoreFraction. Since not explicitly specified, it is being set to 0.65
[2019-09-06 22:56:21.790] [jointLog] [info] Usage of --validateMappings, without --hardFilter implies use of range factorization. rangeFactorizationBins is being set to 4
[2019-09-06 22:56:21.790] [jointLog] [info] Usage of --validateMappings implies a default consensus slack of 0.2. Setting consensusSlack to 0.2.
[2019-09-06 22:56:21.790] [jointLog] [info] parsing read library format
[2019-09-06 22:56:21.790] [jointLog] [info] There is 1 library.
[2019-09-06 22:56:21.887] [jointLog] [info] Loading Quasi index
[2019-09-06 22:56:21.888] [jointLog] [info] Loading 32-bit quasi index
[2019-09-06 22:56:37.590] [jointLog] [info] done
[2019-09-06 22:56:37.590] [jointLog] [info] Index contained 177,862 targets
[2019-09-06 22:56:41.546] [jointLog] [warning] Fragment GC bias correction is currently *experimental* in single-end libraries.  Please use this option with caution.
[2019-09-06 22:56:42.158] [jointLog] [info] Automatically detected most likely library type as SR
[2019-09-06 22:57:17.835] [jointLog] [info] Thread saw mini-batch with a maximum of 1.24% zero probability fragments
[2019-09-06 22:57:17.836] [jointLog] [info] Thread saw mini-batch with a maximum of 1.10% zero probability fragments
[2019-09-06 22:57:17.836] [jointLog] [info] Thread saw mini-batch with a maximum of 1.16% zero probability fragments
[2019-09-06 22:57:17.841] [jointLog] [info] Thread saw mini-batch with a maximum of 1.18% zero probability fragments
[2019-09-06 22:57:17.842] [jointLog] [info] Thread saw mini-batch with a maximum of 1.20% zero probability fragments
[2019-09-06 22:57:17.857] [jointLog] [info] Thread saw mini-batch with a maximum of 1.42% zero probability fragments
[2019-09-06 22:57:17.859] [jointLog] [info] Thread saw mini-batch with a maximum of 1.18% zero probability fragments
[2019-09-06 22:57:17.865] [jointLog] [info] Thread saw mini-batch with a maximum of 1.34% zero probability fragments
[2019-09-06 22:57:17.873] [jointLog] [info] Thread saw mini-batch with a maximum of 1.30% zero probability fragments
[2019-09-06 22:57:17.879] [jointLog] [info] Thread saw mini-batch with a maximum of 1.28% zero probability fragments
[2019-09-06 22:57:17.881] [jointLog] [info] Thread saw mini-batch with a maximum of 1.28% zero probability fragments
[2019-09-06 22:57:17.886] [jointLog] [info] Thread saw mini-batch with a maximum of 1.20% zero probability fragments
[2019-09-06 22:57:17.886] [jointLog] [info] Thread saw mini-batch with a maximum of 1.20% zero probability fragments
[2019-09-06 22:57:17.888] [jointLog] [info] Thread saw mini-batch with a maximum of 1.40% zero probability fragments
[2019-09-06 22:57:17.891] [jointLog] [info] Thread saw mini-batch with a maximum of 1.12% zero probability fragments
[2019-09-06 22:57:17.896] [jointLog] [info] Thread saw mini-batch with a maximum of 1.30% zero probability fragments
[2019-09-06 22:57:17.900] [jointLog] [info] Thread saw mini-batch with a maximum of 1.26% zero probability fragments
[2019-09-06 22:57:17.908] [jointLog] [info] Thread saw mini-batch with a maximum of 1.22% zero probability fragments
[2019-09-06 22:57:17.908] [jointLog] [info] Thread saw mini-batch with a maximum of 1.12% zero probability fragments
[2019-09-06 22:57:17.913] [jointLog] [info] Thread saw mini-batch with a maximum of 1.22% zero probability fragments
[2019-09-06 22:57:17.917] [jointLog] [info] Thread saw mini-batch with a maximum of 1.32% zero probability fragments
[2019-09-06 22:57:17.919] [jointLog] [info] Thread saw mini-batch with a maximum of 1.28% zero probability fragments
[2019-09-06 22:57:17.922] [jointLog] [info] Thread saw mini-batch with a maximum of 1.34% zero probability fragments
[2019-09-06 22:57:17.924] [jointLog] [info] Thread saw mini-batch with a maximum of 1.20% zero probability fragments
[2019-09-06 22:57:18.304] [jointLog] [info] Computed 355,623 rich equivalence classes for further processing
[2019-09-06 22:57:18.304] [jointLog] [info] Counted 27,459,507 total reads in the equivalence classes 
[2019-09-06 22:57:18.351] [jointLog] [info] Number of mappings discarded because of alignment score : 6,147,109
[2019-09-06 22:57:18.351] [jointLog] [info] Number of fragments entirely discarded because of alignment score : 4,786,598
[2019-09-06 22:57:18.351] [jointLog] [info] Number of fragments discarded because they are best-mapped to decoys : 492,478
[2019-09-06 22:57:18.351] [jointLog] [info] Number of fragments discarded because they have only dovetail (discordant) mappings : 0
[2019-09-06 22:57:18.351] [jointLog] [info] Mapping rate = 84.4915%

[2019-09-06 22:57:18.351] [jointLog] [info] finished quantifyLibrary()
[2019-09-06 22:57:18.352] [jointLog] [info] Starting optimizer
[2019-09-06 22:57:18.472] [jointLog] [info] Marked 0 weighted equivalence classes as degenerate
[2019-09-06 22:57:18.483] [jointLog] [info] iteration = 0 | max rel diff. = 6861.21
[2019-09-06 22:57:18.305] [fileLog] [info] 
At end of round 0
==================
Observed 32499722 total fragments (32499722 in most recent round)

[2019-09-06 22:57:18.582] [jointLog] [info] iteration 11, adjusting effective lengths to account for biases
[2019-09-06 22:57:46.962] [jointLog] [info] Computed expected counts (for bias correction)
[2019-09-06 22:57:46.962] [jointLog] [info] processed bias for 0.0% of the transcripts
[2019-09-06 22:57:49.978] [jointLog] [info] processed bias for 10.0% of the transcripts
[2019-09-06 22:57:53.050] [jointLog] [info] processed bias for 20.0% of the transcripts
[2019-09-06 22:57:56.303] [jointLog] [info] processed bias for 30.0% of the transcripts
[2019-09-06 22:57:59.449] [jointLog] [info] processed bias for 40.0% of the transcripts
[2019-09-06 22:58:02.658] [jointLog] [info] processed bias for 50.0% of the transcripts
[2019-09-06 22:58:05.942] [jointLog] [info] processed bias for 60.0% of the transcripts
[2019-09-06 22:58:09.286] [jointLog] [info] processed bias for 70.0% of the transcripts
[2019-09-06 22:58:09.847] [jointLog] [info] processed bias for 100.0% of the transcripts
[2019-09-06 22:58:10.662] [jointLog] [info] iteration = 100 | max rel diff. = 17.3764
[2019-09-06 22:58:11.551] [jointLog] [info] iteration = 200 | max rel diff. = 11.8388
[2019-09-06 22:58:12.441] [jointLog] [info] iteration = 300 | max rel diff. = 5.26436
[2019-09-06 22:58:13.333] [jointLog] [info] iteration = 400 | max rel diff. = 14.1013
[2019-09-06 22:58:14.222] [jointLog] [info] iteration = 500 | max rel diff. = 0.55072
[2019-09-06 22:58:15.111] [jointLog] [info] iteration = 600 | max rel diff. = 1.96933
[2019-09-06 22:58:15.998] [jointLog] [info] iteration = 700 | max rel diff. = 4.10552
[2019-09-06 22:58:16.885] [jointLog] [info] iteration = 800 | max rel diff. = 13.7312
[2019-09-06 22:58:17.785] [jointLog] [info] iteration = 900 | max rel diff. = 0.401354
[2019-09-06 22:58:18.678] [jointLog] [info] iteration = 1,000 | max rel diff. = 2.71633
[2019-09-06 22:58:19.572] [jointLog] [info] iteration = 1,100 | max rel diff. = 0.497128
[2019-09-06 22:58:20.471] [jointLog] [info] iteration = 1,200 | max rel diff. = 0.187684
[2019-09-06 22:58:21.362] [jointLog] [info] iteration = 1,300 | max rel diff. = 0.317833
[2019-09-06 22:58:22.247] [jointLog] [info] iteration = 1,400 | max rel diff. = 2.25355
[2019-09-06 22:58:23.137] [jointLog] [info] iteration = 1,500 | max rel diff. = 0.139499
[2019-09-06 22:58:24.024] [jointLog] [info] iteration = 1,600 | max rel diff. = 0.116601
[2019-09-06 22:58:24.920] [jointLog] [info] iteration = 1,700 | max rel diff. = 0.146409
[2019-09-06 22:58:25.806] [jointLog] [info] iteration = 1,800 | max rel diff. = 0.352883
[2019-09-06 22:58:26.694] [jointLog] [info] iteration = 1,900 | max rel diff. = 0.0736529
[2019-09-06 22:58:27.581] [jointLog] [info] iteration = 2,000 | max rel diff. = 0.0559051
[2019-09-06 22:58:28.486] [jointLog] [info] iteration = 2,100 | max rel diff. = 0.0290939
[2019-09-06 22:58:29.372] [jointLog] [info] iteration = 2,200 | max rel diff. = 0.196992
[2019-09-06 22:58:30.278] [jointLog] [info] iteration = 2,300 | max rel diff. = 0.0184931
[2019-09-06 22:58:31.172] [jointLog] [info] iteration = 2,400 | max rel diff. = 0.0823936
[2019-09-06 22:58:32.056] [jointLog] [info] iteration = 2,500 | max rel diff. = 0.0396079
[2019-09-06 22:58:32.936] [jointLog] [info] iteration = 2,600 | max rel diff. = 0.212863
[2019-09-06 22:58:33.816] [jointLog] [info] iteration = 2,700 | max rel diff. = 0.0232601
[2019-09-06 22:58:34.220] [jointLog] [info] iteration = 2,747 | max rel diff. = 0.00967398
[2019-09-06 22:58:34.238] [jointLog] [info] Finished optimizer
[2019-09-06 22:58:34.238] [jointLog] [info] writing output 

