[2019-09-06 22:51:52.663] [jointLog] [info] Fragment incompatibility prior below threshold.  Incompatible fragments will be ignored.
[2019-09-06 22:51:52.663] [jointLog] [info] Usage of --validateMappings implies use of minScoreFraction. Since not explicitly specified, it is being set to 0.65
[2019-09-06 22:51:52.663] [jointLog] [info] Usage of --validateMappings, without --hardFilter implies use of range factorization. rangeFactorizationBins is being set to 4
[2019-09-06 22:51:52.663] [jointLog] [info] Usage of --validateMappings implies a default consensus slack of 0.2. Setting consensusSlack to 0.2.
[2019-09-06 22:51:52.663] [jointLog] [info] parsing read library format
[2019-09-06 22:51:52.663] [jointLog] [info] There is 1 library.
[2019-09-06 22:51:52.775] [jointLog] [info] Loading Quasi index
[2019-09-06 22:51:52.775] [jointLog] [info] Loading 32-bit quasi index
[2019-09-06 22:52:09.295] [jointLog] [info] done
[2019-09-06 22:52:09.295] [jointLog] [info] Index contained 177,862 targets
[2019-09-06 22:52:13.304] [jointLog] [warning] Fragment GC bias correction is currently *experimental* in single-end libraries.  Please use this option with caution.
[2019-09-06 22:52:13.759] [jointLog] [info] Automatically detected most likely library type as SR
[2019-09-06 22:53:14.777] [jointLog] [info] Thread saw mini-batch with a maximum of 1.04% zero probability fragments
[2019-09-06 22:53:14.777] [jointLog] [info] Thread saw mini-batch with a maximum of 0.96% zero probability fragments
[2019-09-06 22:53:14.780] [jointLog] [info] Thread saw mini-batch with a maximum of 1.06% zero probability fragments
[2019-09-06 22:53:14.781] [jointLog] [info] Thread saw mini-batch with a maximum of 0.92% zero probability fragments
[2019-09-06 22:53:14.782] [jointLog] [info] Thread saw mini-batch with a maximum of 1.10% zero probability fragments
[2019-09-06 22:53:14.793] [jointLog] [info] Thread saw mini-batch with a maximum of 1.02% zero probability fragments
[2019-09-06 22:53:14.799] [jointLog] [info] Thread saw mini-batch with a maximum of 0.92% zero probability fragments
[2019-09-06 22:53:14.807] [jointLog] [info] Thread saw mini-batch with a maximum of 1.04% zero probability fragments
[2019-09-06 22:53:14.807] [jointLog] [info] Thread saw mini-batch with a maximum of 0.98% zero probability fragments
[2019-09-06 22:53:14.814] [jointLog] [info] Thread saw mini-batch with a maximum of 1.08% zero probability fragments
[2019-09-06 22:53:14.820] [jointLog] [info] Thread saw mini-batch with a maximum of 1.12% zero probability fragments
[2019-09-06 22:53:14.826] [jointLog] [info] Thread saw mini-batch with a maximum of 1.00% zero probability fragments
[2019-09-06 22:53:14.833] [jointLog] [info] Thread saw mini-batch with a maximum of 0.98% zero probability fragments
[2019-09-06 22:53:14.838] [jointLog] [info] Thread saw mini-batch with a maximum of 0.96% zero probability fragments
[2019-09-06 22:53:14.842] [jointLog] [info] Thread saw mini-batch with a maximum of 1.02% zero probability fragments
[2019-09-06 22:53:14.844] [jointLog] [info] Thread saw mini-batch with a maximum of 1.04% zero probability fragments
[2019-09-06 22:53:14.849] [jointLog] [info] Thread saw mini-batch with a maximum of 1.00% zero probability fragments
[2019-09-06 22:53:14.852] [jointLog] [info] Thread saw mini-batch with a maximum of 0.98% zero probability fragments
[2019-09-06 22:53:14.853] [jointLog] [info] Thread saw mini-batch with a maximum of 1.00% zero probability fragments
[2019-09-06 22:53:14.860] [jointLog] [info] Thread saw mini-batch with a maximum of 1.04% zero probability fragments
[2019-09-06 22:53:14.863] [jointLog] [info] Thread saw mini-batch with a maximum of 1.06% zero probability fragments
[2019-09-06 22:53:14.867] [jointLog] [info] Thread saw mini-batch with a maximum of 0.94% zero probability fragments
[2019-09-06 22:53:14.873] [jointLog] [info] Thread saw mini-batch with a maximum of 0.94% zero probability fragments
[2019-09-06 22:53:14.883] [jointLog] [info] Thread saw mini-batch with a maximum of 1.12% zero probability fragments
[2019-09-06 22:53:15.258] [fileLog] [info] 
At end of round 0
==================
Observed 50860128 total fragments (50860128 in most recent round)

[2019-09-06 22:53:15.257] [jointLog] [info] Computed 423,522 rich equivalence classes for further processing
[2019-09-06 22:53:15.257] [jointLog] [info] Counted 44,959,017 total reads in the equivalence classes 
[2019-09-06 22:53:15.311] [jointLog] [info] Number of mappings discarded because of alignment score : 9,043,440
[2019-09-06 22:53:15.311] [jointLog] [info] Number of fragments entirely discarded because of alignment score : 5,586,596
[2019-09-06 22:53:15.311] [jointLog] [info] Number of fragments discarded because they are best-mapped to decoys : 534,212
[2019-09-06 22:53:15.311] [jointLog] [info] Number of fragments discarded because they have only dovetail (discordant) mappings : 0
[2019-09-06 22:53:15.311] [jointLog] [info] Mapping rate = 88.3974%

[2019-09-06 22:53:15.311] [jointLog] [info] finished quantifyLibrary()
[2019-09-06 22:53:15.312] [jointLog] [info] Starting optimizer
[2019-09-06 22:53:23.618] [jointLog] [info] Marked 0 weighted equivalence classes as degenerate
[2019-09-06 22:53:23.630] [jointLog] [info] iteration = 0 | max rel diff. = 2492.66
[2019-09-06 22:53:23.735] [jointLog] [info] iteration 11, adjusting effective lengths to account for biases
[2019-09-06 22:53:52.805] [jointLog] [info] Computed expected counts (for bias correction)
[2019-09-06 22:53:52.805] [jointLog] [info] processed bias for 0.0% of the transcripts
[2019-09-06 22:53:56.330] [jointLog] [info] processed bias for 10.0% of the transcripts
[2019-09-06 22:53:59.905] [jointLog] [info] processed bias for 20.0% of the transcripts
[2019-09-06 22:54:03.282] [jointLog] [info] processed bias for 30.0% of the transcripts
[2019-09-06 22:54:06.364] [jointLog] [info] processed bias for 40.0% of the transcripts
[2019-09-06 22:54:09.604] [jointLog] [info] processed bias for 50.0% of the transcripts
[2019-09-06 22:54:12.942] [jointLog] [info] processed bias for 60.0% of the transcripts
[2019-09-06 22:54:16.167] [jointLog] [info] processed bias for 70.0% of the transcripts
[2019-09-06 22:54:18.163] [jointLog] [info] processed bias for 100.0% of the transcripts
[2019-09-06 22:54:19.088] [jointLog] [info] iteration = 100 | max rel diff. = 19.2213
[2019-09-06 22:54:20.113] [jointLog] [info] iteration = 200 | max rel diff. = 14.7814
[2019-09-06 22:54:21.166] [jointLog] [info] iteration = 300 | max rel diff. = 14.0041
[2019-09-06 22:54:22.186] [jointLog] [info] iteration = 400 | max rel diff. = 1.17383
[2019-09-06 22:54:23.224] [jointLog] [info] iteration = 500 | max rel diff. = 11.4457
[2019-09-06 22:54:24.279] [jointLog] [info] iteration = 600 | max rel diff. = 5.46577
[2019-09-06 22:54:25.308] [jointLog] [info] iteration = 700 | max rel diff. = 5.18226
[2019-09-06 22:54:26.331] [jointLog] [info] iteration = 800 | max rel diff. = 0.353724
[2019-09-06 22:54:27.354] [jointLog] [info] iteration = 900 | max rel diff. = 0.670795
[2019-09-06 22:54:28.373] [jointLog] [info] iteration = 1,000 | max rel diff. = 1.30223
[2019-09-06 22:54:29.452] [jointLog] [info] iteration = 1,100 | max rel diff. = 0.202405
[2019-09-06 22:54:30.478] [jointLog] [info] iteration = 1,200 | max rel diff. = 2.09626
[2019-09-06 22:54:31.501] [jointLog] [info] iteration = 1,300 | max rel diff. = 3.40448
[2019-09-06 22:54:32.517] [jointLog] [info] iteration = 1,400 | max rel diff. = 0.163283
[2019-09-06 22:54:33.564] [jointLog] [info] iteration = 1,500 | max rel diff. = 0.0755683
[2019-09-06 22:54:34.588] [jointLog] [info] iteration = 1,600 | max rel diff. = 1.40712
[2019-09-06 22:54:35.607] [jointLog] [info] iteration = 1,700 | max rel diff. = 0.326263
[2019-09-06 22:54:36.619] [jointLog] [info] iteration = 1,800 | max rel diff. = 0.139359
[2019-09-06 22:54:37.663] [jointLog] [info] iteration = 1,900 | max rel diff. = 0.15581
[2019-09-06 22:54:38.662] [jointLog] [info] iteration = 2,000 | max rel diff. = 1.43373
[2019-09-06 22:54:39.699] [jointLog] [info] iteration = 2,100 | max rel diff. = 0.211656
[2019-09-06 22:54:40.716] [jointLog] [info] iteration = 2,200 | max rel diff. = 0.135115
[2019-09-06 22:54:41.755] [jointLog] [info] iteration = 2,300 | max rel diff. = 0.165741
[2019-09-06 22:54:42.741] [jointLog] [info] iteration = 2,400 | max rel diff. = 0.0596076
[2019-09-06 22:54:43.745] [jointLog] [info] iteration = 2,500 | max rel diff. = 0.0581304
[2019-09-06 22:54:44.740] [jointLog] [info] iteration = 2,600 | max rel diff. = 0.0222517
[2019-09-06 22:54:45.726] [jointLog] [info] iteration = 2,700 | max rel diff. = 0.195991
[2019-09-06 22:54:46.361] [jointLog] [info] iteration = 2,764 | max rel diff. = 0.00666547
[2019-09-06 22:54:46.378] [jointLog] [info] Finished optimizer
[2019-09-06 22:54:46.378] [jointLog] [info] writing output 

