[2019-09-06 22:58:14.316] [jointLog] [info] Fragment incompatibility prior below threshold.  Incompatible fragments will be ignored.
[2019-09-06 22:58:14.316] [jointLog] [info] Usage of --validateMappings implies use of minScoreFraction. Since not explicitly specified, it is being set to 0.65
[2019-09-06 22:58:14.316] [jointLog] [info] Usage of --validateMappings, without --hardFilter implies use of range factorization. rangeFactorizationBins is being set to 4
[2019-09-06 22:58:14.316] [jointLog] [info] Usage of --validateMappings implies a default consensus slack of 0.2. Setting consensusSlack to 0.2.
[2019-09-06 22:58:14.316] [jointLog] [info] parsing read library format
[2019-09-06 22:58:14.316] [jointLog] [info] There is 1 library.
[2019-09-06 22:58:14.412] [jointLog] [info] Loading Quasi index
[2019-09-06 22:58:14.413] [jointLog] [info] Loading 32-bit quasi index
[2019-09-06 22:58:29.941] [jointLog] [info] done
[2019-09-06 22:58:29.941] [jointLog] [info] Index contained 177,862 targets
[2019-09-06 22:58:33.902] [jointLog] [warning] Fragment GC bias correction is currently *experimental* in single-end libraries.  Please use this option with caution.
[2019-09-06 22:58:34.574] [jointLog] [info] Automatically detected most likely library type as SR
[2019-09-06 23:00:02.951] [jointLog] [info] Thread saw mini-batch with a maximum of 1.70% zero probability fragments
[2019-09-06 23:00:02.951] [jointLog] [info] Thread saw mini-batch with a maximum of 1.82% zero probability fragments
[2019-09-06 23:00:02.951] [jointLog] [info] Thread saw mini-batch with a maximum of 1.66% zero probability fragments
[2019-09-06 23:00:02.952] [jointLog] [info] Thread saw mini-batch with a maximum of 1.62% zero probability fragments
[2019-09-06 23:00:02.954] [jointLog] [info] Thread saw mini-batch with a maximum of 1.86% zero probability fragments
[2019-09-06 23:00:02.955] [jointLog] [info] Thread saw mini-batch with a maximum of 1.64% zero probability fragments
[2019-09-06 23:00:02.960] [jointLog] [info] Thread saw mini-batch with a maximum of 1.66% zero probability fragments
[2019-09-06 23:00:02.966] [jointLog] [info] Thread saw mini-batch with a maximum of 1.72% zero probability fragments
[2019-09-06 23:00:02.968] [jointLog] [info] Thread saw mini-batch with a maximum of 1.72% zero probability fragments
[2019-09-06 23:00:02.973] [jointLog] [info] Thread saw mini-batch with a maximum of 1.76% zero probability fragments
[2019-09-06 23:00:02.982] [jointLog] [info] Thread saw mini-batch with a maximum of 1.72% zero probability fragments
[2019-09-06 23:00:02.986] [jointLog] [info] Thread saw mini-batch with a maximum of 1.74% zero probability fragments
[2019-09-06 23:00:02.995] [jointLog] [info] Thread saw mini-batch with a maximum of 1.66% zero probability fragments
[2019-09-06 23:00:02.995] [jointLog] [info] Thread saw mini-batch with a maximum of 1.68% zero probability fragments
[2019-09-06 23:00:02.999] [jointLog] [info] Thread saw mini-batch with a maximum of 1.74% zero probability fragments
[2019-09-06 23:00:03.001] [jointLog] [info] Thread saw mini-batch with a maximum of 1.64% zero probability fragments
[2019-09-06 23:00:03.004] [jointLog] [info] Thread saw mini-batch with a maximum of 1.68% zero probability fragments
[2019-09-06 23:00:03.006] [jointLog] [info] Thread saw mini-batch with a maximum of 1.88% zero probability fragments
[2019-09-06 23:00:03.012] [jointLog] [info] Thread saw mini-batch with a maximum of 1.72% zero probability fragments
[2019-09-06 23:00:03.013] [jointLog] [info] Thread saw mini-batch with a maximum of 1.66% zero probability fragments
[2019-09-06 23:00:03.014] [jointLog] [info] Thread saw mini-batch with a maximum of 1.62% zero probability fragments
[2019-09-06 23:00:03.022] [jointLog] [info] Thread saw mini-batch with a maximum of 1.62% zero probability fragments
[2019-09-06 23:00:03.025] [jointLog] [info] Thread saw mini-batch with a maximum of 1.82% zero probability fragments
[2019-09-06 23:00:03.030] [jointLog] [info] Thread saw mini-batch with a maximum of 1.70% zero probability fragments
[2019-09-06 23:00:03.625] [jointLog] [info] Computed 616,295 rich equivalence classes for further processing
[2019-09-06 23:00:03.625] [jointLog] [info] Counted 56,060,159 total reads in the equivalence classes 
[2019-09-06 23:00:03.666] [jointLog] [info] Number of mappings discarded because of alignment score : 21,784,525
[2019-09-06 23:00:03.666] [jointLog] [info] Number of fragments entirely discarded because of alignment score : 27,954,736
[2019-09-06 23:00:03.666] [jointLog] [info] Number of fragments discarded because they are best-mapped to decoys : 3,000,909
[2019-09-06 23:00:03.666] [jointLog] [info] Number of fragments discarded because they have only dovetail (discordant) mappings : 0
[2019-09-06 23:00:03.666] [jointLog] [info] Mapping rate = 65.9436%

[2019-09-06 23:00:03.666] [jointLog] [info] finished quantifyLibrary()
[2019-09-06 23:00:03.667] [jointLog] [info] Starting optimizer
[2019-09-06 23:00:03.846] [jointLog] [info] Marked 0 weighted equivalence classes as degenerate
[2019-09-06 23:00:03.869] [jointLog] [info] iteration = 0 | max rel diff. = 41.3455
[2019-09-06 23:00:03.626] [fileLog] [info] 
At end of round 0
==================
Observed 85012279 total fragments (85012279 in most recent round)

[2019-09-06 23:00:04.060] [jointLog] [info] iteration 11, adjusting effective lengths to account for biases
[2019-09-06 23:00:31.292] [jointLog] [info] Computed expected counts (for bias correction)
[2019-09-06 23:00:31.293] [jointLog] [info] processed bias for 0.0% of the transcripts
[2019-09-06 23:00:34.205] [jointLog] [info] processed bias for 10.0% of the transcripts
[2019-09-06 23:00:37.202] [jointLog] [info] processed bias for 20.0% of the transcripts
[2019-09-06 23:00:40.504] [jointLog] [info] processed bias for 30.0% of the transcripts
[2019-09-06 23:00:43.784] [jointLog] [info] processed bias for 40.0% of the transcripts
[2019-09-06 23:00:47.205] [jointLog] [info] processed bias for 50.0% of the transcripts
[2019-09-06 23:00:50.218] [jointLog] [info] processed bias for 60.0% of the transcripts
[2019-09-06 23:00:53.453] [jointLog] [info] processed bias for 100.0% of the transcripts
[2019-09-06 23:00:54.914] [jointLog] [info] iteration = 100 | max rel diff. = 18.0353
[2019-09-06 23:00:56.542] [jointLog] [info] iteration = 200 | max rel diff. = 13.7968
[2019-09-06 23:00:58.158] [jointLog] [info] iteration = 300 | max rel diff. = 4.50012
[2019-09-06 23:00:59.771] [jointLog] [info] iteration = 400 | max rel diff. = 7.80963
[2019-09-06 23:01:01.376] [jointLog] [info] iteration = 500 | max rel diff. = 18.2859
[2019-09-06 23:01:02.985] [jointLog] [info] iteration = 600 | max rel diff. = 0.758173
[2019-09-06 23:01:04.591] [jointLog] [info] iteration = 700 | max rel diff. = 0.283345
[2019-09-06 23:01:06.202] [jointLog] [info] iteration = 800 | max rel diff. = 0.785584
[2019-09-06 23:01:07.808] [jointLog] [info] iteration = 900 | max rel diff. = 2.45784
[2019-09-06 23:01:09.419] [jointLog] [info] iteration = 1,000 | max rel diff. = 0.381825
[2019-09-06 23:01:11.028] [jointLog] [info] iteration = 1,100 | max rel diff. = 6.48766
[2019-09-06 23:01:12.655] [jointLog] [info] iteration = 1,200 | max rel diff. = 0.397871
[2019-09-06 23:01:14.212] [jointLog] [info] iteration = 1,300 | max rel diff. = 0.0952321
[2019-09-06 23:01:15.781] [jointLog] [info] iteration = 1,400 | max rel diff. = 2.91403
[2019-09-06 23:01:17.336] [jointLog] [info] iteration = 1,500 | max rel diff. = 2.44325
[2019-09-06 23:01:18.897] [jointLog] [info] iteration = 1,600 | max rel diff. = 0.0476944
[2019-09-06 23:01:20.480] [jointLog] [info] iteration = 1,700 | max rel diff. = 0.0723448
[2019-09-06 23:01:22.033] [jointLog] [info] iteration = 1,800 | max rel diff. = 0.274154
[2019-09-06 23:01:23.591] [jointLog] [info] iteration = 1,900 | max rel diff. = 0.0513897
[2019-09-06 23:01:25.152] [jointLog] [info] iteration = 2,000 | max rel diff. = 0.161535
[2019-09-06 23:01:26.709] [jointLog] [info] iteration = 2,100 | max rel diff. = 0.260584
[2019-09-06 23:01:28.265] [jointLog] [info] iteration = 2,200 | max rel diff. = 0.173514
[2019-09-06 23:01:29.826] [jointLog] [info] iteration = 2,300 | max rel diff. = 0.0855945
[2019-09-06 23:01:31.401] [jointLog] [info] iteration = 2,400 | max rel diff. = 0.037867
[2019-09-06 23:01:32.971] [jointLog] [info] iteration = 2,500 | max rel diff. = 0.280673
[2019-09-06 23:01:34.249] [jointLog] [info] iteration = 2,583 | max rel diff. = 0.00609533
[2019-09-06 23:01:34.264] [jointLog] [info] Finished optimizer
[2019-09-06 23:01:34.264] [jointLog] [info] writing output 

