[2019-09-06 22:30:51.354] [jointLog] [info] Fragment incompatibility prior below threshold.  Incompatible fragments will be ignored.
[2019-09-06 22:30:51.354] [jointLog] [info] Usage of --validateMappings implies use of minScoreFraction. Since not explicitly specified, it is being set to 0.65
[2019-09-06 22:30:51.354] [jointLog] [info] Usage of --validateMappings, without --hardFilter implies use of range factorization. rangeFactorizationBins is being set to 4
[2019-09-06 22:30:51.354] [jointLog] [info] Usage of --validateMappings implies a default consensus slack of 0.2. Setting consensusSlack to 0.2.
[2019-09-06 22:30:51.354] [jointLog] [info] parsing read library format
[2019-09-06 22:30:51.354] [jointLog] [info] There is 1 library.
[2019-09-06 22:30:51.458] [jointLog] [info] Loading Quasi index
[2019-09-06 22:30:51.458] [jointLog] [info] Loading 32-bit quasi index
[2019-09-06 22:31:13.891] [jointLog] [info] done
[2019-09-06 22:31:13.891] [jointLog] [info] Index contained 177,862 targets
[2019-09-06 22:31:17.915] [jointLog] [warning] Fragment GC bias correction is currently *experimental* in single-end libraries.  Please use this option with caution.
[2019-09-06 22:31:18.492] [jointLog] [info] Automatically detected most likely library type as SR
[2019-09-06 22:31:48.146] [jointLog] [info] Thread saw mini-batch with a maximum of 1.30% zero probability fragments
[2019-09-06 22:31:48.148] [jointLog] [info] Thread saw mini-batch with a maximum of 1.46% zero probability fragments
[2019-09-06 22:31:48.153] [jointLog] [info] Thread saw mini-batch with a maximum of 1.26% zero probability fragments
[2019-09-06 22:31:48.155] [jointLog] [info] Thread saw mini-batch with a maximum of 1.30% zero probability fragments
[2019-09-06 22:31:48.162] [jointLog] [info] Thread saw mini-batch with a maximum of 1.40% zero probability fragments
[2019-09-06 22:31:48.165] [jointLog] [info] Thread saw mini-batch with a maximum of 1.34% zero probability fragments
[2019-09-06 22:31:48.169] [jointLog] [info] Thread saw mini-batch with a maximum of 1.42% zero probability fragments
[2019-09-06 22:31:48.171] [jointLog] [info] Thread saw mini-batch with a maximum of 1.40% zero probability fragments
[2019-09-06 22:31:48.174] [jointLog] [info] Thread saw mini-batch with a maximum of 1.22% zero probability fragments
[2019-09-06 22:31:48.183] [jointLog] [info] Thread saw mini-batch with a maximum of 1.34% zero probability fragments
[2019-09-06 22:31:48.184] [jointLog] [info] Thread saw mini-batch with a maximum of 1.30% zero probability fragments
[2019-09-06 22:31:48.187] [jointLog] [info] Thread saw mini-batch with a maximum of 1.20% zero probability fragments
[2019-09-06 22:31:48.188] [jointLog] [info] Thread saw mini-batch with a maximum of 1.18% zero probability fragments
[2019-09-06 22:31:48.188] [jointLog] [info] Thread saw mini-batch with a maximum of 1.20% zero probability fragments
[2019-09-06 22:31:48.210] [jointLog] [info] Thread saw mini-batch with a maximum of 1.22% zero probability fragments
[2019-09-06 22:31:48.214] [jointLog] [info] Thread saw mini-batch with a maximum of 1.32% zero probability fragments
[2019-09-06 22:31:48.217] [jointLog] [info] Thread saw mini-batch with a maximum of 1.18% zero probability fragments
[2019-09-06 22:31:48.225] [jointLog] [info] Thread saw mini-batch with a maximum of 1.20% zero probability fragments
[2019-09-06 22:31:48.226] [jointLog] [info] Thread saw mini-batch with a maximum of 1.36% zero probability fragments
[2019-09-06 22:31:48.239] [jointLog] [info] Thread saw mini-batch with a maximum of 1.26% zero probability fragments
[2019-09-06 22:31:48.243] [jointLog] [info] Thread saw mini-batch with a maximum of 1.22% zero probability fragments
[2019-09-06 22:31:48.244] [jointLog] [info] Thread saw mini-batch with a maximum of 1.32% zero probability fragments
[2019-09-06 22:31:48.245] [jointLog] [info] Thread saw mini-batch with a maximum of 1.22% zero probability fragments
[2019-09-06 22:31:48.247] [jointLog] [info] Thread saw mini-batch with a maximum of 1.22% zero probability fragments
[2019-09-06 22:31:48.582] [jointLog] [info] Computed 366,788 rich equivalence classes for further processing
[2019-09-06 22:31:48.582] [jointLog] [info] Counted 21,959,502 total reads in the equivalence classes 
[2019-09-06 22:31:48.626] [jointLog] [info] Number of mappings discarded because of alignment score : 4,621,316
[2019-09-06 22:31:48.626] [jointLog] [info] Number of fragments entirely discarded because of alignment score : 3,518,571
[2019-09-06 22:31:48.626] [jointLog] [info] Number of fragments discarded because they are best-mapped to decoys : 342,627
[2019-09-06 22:31:48.626] [jointLog] [info] Number of fragments discarded because they have only dovetail (discordant) mappings : 0
[2019-09-06 22:31:48.626] [jointLog] [info] Mapping rate = 85.4573%

[2019-09-06 22:31:48.626] [jointLog] [info] finished quantifyLibrary()
[2019-09-06 22:31:48.627] [jointLog] [info] Starting optimizer
[2019-09-06 22:31:48.793] [jointLog] [info] Marked 0 weighted equivalence classes as degenerate
[2019-09-06 22:31:48.806] [jointLog] [info] iteration = 0 | max rel diff. = 6871.05
[2019-09-06 22:31:48.916] [jointLog] [info] iteration 11, adjusting effective lengths to account for biases
[2019-09-06 22:31:48.582] [fileLog] [info] 
At end of round 0
==================
Observed 25696457 total fragments (25696457 in most recent round)

[2019-09-06 22:32:17.089] [jointLog] [info] Computed expected counts (for bias correction)
[2019-09-06 22:32:17.089] [jointLog] [info] processed bias for 0.0% of the transcripts
[2019-09-06 22:32:20.150] [jointLog] [info] processed bias for 10.0% of the transcripts
[2019-09-06 22:32:23.399] [jointLog] [info] processed bias for 20.0% of the transcripts
[2019-09-06 22:32:26.693] [jointLog] [info] processed bias for 30.0% of the transcripts
[2019-09-06 22:32:29.841] [jointLog] [info] processed bias for 40.0% of the transcripts
[2019-09-06 22:32:33.048] [jointLog] [info] processed bias for 50.0% of the transcripts
[2019-09-06 22:32:36.062] [jointLog] [info] processed bias for 60.0% of the transcripts
[2019-09-06 22:32:39.477] [jointLog] [info] processed bias for 70.0% of the transcripts
[2019-09-06 22:32:40.364] [jointLog] [info] processed bias for 100.0% of the transcripts
[2019-09-06 22:32:41.230] [jointLog] [info] iteration = 100 | max rel diff. = 19.5348
[2019-09-06 22:32:42.126] [jointLog] [info] iteration = 200 | max rel diff. = 16.8689
[2019-09-06 22:32:43.023] [jointLog] [info] iteration = 300 | max rel diff. = 2.263
[2019-09-06 22:32:43.922] [jointLog] [info] iteration = 400 | max rel diff. = 7.84813
[2019-09-06 22:32:44.819] [jointLog] [info] iteration = 500 | max rel diff. = 3.53501
[2019-09-06 22:32:45.718] [jointLog] [info] iteration = 600 | max rel diff. = 11.4021
[2019-09-06 22:32:46.612] [jointLog] [info] iteration = 700 | max rel diff. = 8.51966
[2019-09-06 22:32:47.505] [jointLog] [info] iteration = 800 | max rel diff. = 0.831363
[2019-09-06 22:32:48.399] [jointLog] [info] iteration = 900 | max rel diff. = 13.4889
[2019-09-06 22:32:49.293] [jointLog] [info] iteration = 1,000 | max rel diff. = 0.377932
[2019-09-06 22:32:50.219] [jointLog] [info] iteration = 1,100 | max rel diff. = 3.0712
[2019-09-06 22:32:51.130] [jointLog] [info] iteration = 1,200 | max rel diff. = 0.065527
[2019-09-06 22:32:52.024] [jointLog] [info] iteration = 1,300 | max rel diff. = 0.374341
[2019-09-06 22:32:52.589] [jointLog] [info] iteration = 1,363 | max rel diff. = 0.00748463
[2019-09-06 22:32:52.608] [jointLog] [info] Finished optimizer
[2019-09-06 22:32:52.608] [jointLog] [info] writing output 

